<?xml version="1.0" encoding="UTF-8"?>
<!-- Generated by org.testng.reporters.JUnitXMLReporter -->
<testsuite ignored="0" hostname="DESKTOP-V3IDT5L" failures="1" tests="1" name="Test" time="18.732" errors="0" timestamp="2023-03-22T19:49:07 IST">
  <testcase classname="com.Test.TC_001" name="Test_verify" time="0.861">
    <failure type="java.lang.ClassCastException" message="class org.openqa.selenium.chrome.ChromeDriver cannot be cast to class org.openqa.selenium.Alert (org.openqa.selenium.chrome.ChromeDriver and org.openqa.selenium.Alert are in unnamed module of loader &amp;apos;app&amp;apos;)">
      <![CDATA[java.lang.ClassCastException: class org.openqa.selenium.chrome.ChromeDriver cannot be cast to class org.openqa.selenium.Alert (org.openqa.selenium.chrome.ChromeDriver and org.openqa.selenium.Alert are in unnamed module of loader 'app')
at com.Test.TC_001.Test_verify(TC_001.java:34)
at java.base/java.util.ArrayList.forEach(ArrayList.java:1511)
... Removed 27 stack frames]]>
    </failure>
  </testcase> <!-- Test_verify -->
</testsuite> <!-- Test -->
